# JRE version: OpenJDK Runtime Environment Temurin-21.0.9+10 (21.0.9+10) (build 21.0.9+10-LTS)
# Java VM: OpenJDK 64-Bit Server VM Temurin-21.0.9+10 (21.0.9+10-LTS, mixed mode, sharing, tiered, compressed oops, compressed class ptrs, parallel gc, windows-amd64)
GC Precious Log:
 CardTable entry size: 512
 CPUs: 8 total, 8 available
 Memory: 6055M
 Large Page Support: Disabled
 NUMA Support: Disabled
 Compressed Oops: Enabled (32-bit)
 Alignments: Space 512K, Generation 512K, Heap 2M
 Heap Min Capacity: 100M
 Heap Initial Capacity: 100M
 Heap Max Capacity: 2G
 Pre-touch: Disabled
 Parallel Workers: 8
Heap:
 PSYoungGen      total 26112K, used 17137K [0x00000000d5580000, 0x00000000d8080000, 0x0000000100000000)
  eden space 22016K, 72% used [0x00000000d5580000,0x00000000d651a228,0x00000000d6b00000)
  from space 4096K, 28% used [0x00000000d7880000,0x00000000d79a24a8,0x00000000d7c80000)
  to   space 2048K, 0% used [0x00000000d7e80000,0x00000000d7e80000,0x00000000d8080000)
 ParOldGen       total 68608K, used 22966K [0x0000000080000000, 0x0000000084300000, 0x00000000d5580000)
  object space 68608K, 33% used [0x0000000080000000,0x000000008166d958,0x0000000084300000)
 Metaspace       used 44660K, committed 45952K, reserved 1114112K
  class space    used 4912K, committed 5504K, reserved 1048576K
GC Heap History (20 events):
Event: 53.754 GC heap before
{Heap before GC invocations=10 (full 1):
 PSYoungGen      total 25088K, used 24857K [0x00000000d5580000, 0x00000000d8300000, 0x0000000100000000)
  eden space 24064K, 99% used [0x00000000d5580000,0x00000000d6cdb468,0x00000000d6d00000)
  from space 1024K, 91% used [0x00000000d8200000,0x00000000d82eb310,0x00000000d8300000)
  to   space 2560K, 0% used [0x00000000d7e00000,0x00000000d7e00000,0x00000000d8080000)
 ParOldGen       total 68608K, used 13480K [0x0000000080000000, 0x0000000084300000, 0x00000000d5580000)
  object space 68608K, 19% used [0x0000000080000000,0x0000000080d2a008,0x0000000084300000)
 Metaspace       used 26742K, committed 27584K, reserved 1114112K
  class space    used 2650K, committed 3008K, reserved 1048576K
}
Event: 53.755 GC heap after
{Heap after GC invocations=10 (full 1):
 PSYoungGen      total 26112K, used 929K [0x00000000d5580000, 0x00000000d8280000, 0x0000000100000000)
  eden space 23552K, 0% used [0x00000000d5580000,0x00000000d5580000,0x00000000d6c80000)
  from space 2560K, 36% used [0x00000000d7e00000,0x00000000d7ee8628,0x00000000d8080000)
  to   space 1536K, 0% used [0x00000000d8100000,0x00000000d8100000,0x00000000d8280000)
 ParOldGen       total 68608K, used 13488K [0x0000000080000000, 0x0000000084300000, 0x00000000d5580000)
  object space 68608K, 19% used [0x0000000080000000,0x0000000080d2c008,0x0000000084300000)
 Metaspace       used 26742K, committed 27584K, reserved 1114112K
  class space    used 2650K, committed 3008K, reserved 1048576K
}
Event: 54.041 GC heap before
{Heap before GC invocations=11 (full 1):
 PSYoungGen      total 26112K, used 24481K [0x00000000d5580000, 0x00000000d8280000, 0x0000000100000000)
  eden space 23552K, 100% used [0x00000000d5580000,0x00000000d6c80000,0x00000000d6c80000)
  from space 2560K, 36% used [0x00000000d7e00000,0x00000000d7ee8628,0x00000000d8080000)
  to   space 1536K, 0% used [0x00000000d8100000,0x00000000d8100000,0x00000000d8280000)
 ParOldGen       total 68608K, used 13488K [0x0000000080000000, 0x0000000084300000, 0x00000000d5580000)
  object space 68608K, 19% used [0x0000000080000000,0x0000000080d2c008,0x0000000084300000)
 Metaspace       used 28380K, committed 29312K, reserved 1114112K
  class space    used 2838K, committed 3264K, reserved 1048576K
}
Event: 54.045 GC heap after
{Heap after GC invocations=11 (full 1):
 PSYoungGen      total 24576K, used 1031K [0x00000000d5580000, 0x00000000d8280000, 0x0000000100000000)
  eden space 23040K, 0% used [0x00000000d5580000,0x00000000d5580000,0x00000000d6c00000)
  from space 1536K, 67% used [0x00000000d8100000,0x00000000d8201d30,0x00000000d8280000)
  to   space 1536K, 0% used [0x00000000d7f80000,0x00000000d7f80000,0x00000000d8100000)
 ParOldGen       total 68608K, used 15578K [0x0000000080000000, 0x0000000084300000, 0x00000000d5580000)
  object space 68608K, 22% used [0x0000000080000000,0x0000000080f36b80,0x0000000084300000)
 Metaspace       used 28380K, committed 29312K, reserved 1114112K
  class space    used 2838K, committed 3264K, reserved 1048576K
}
Event: 54.556 GC heap before
{Heap before GC invocations=12 (full 1):
 PSYoungGen      total 24576K, used 24071K [0x00000000d5580000, 0x00000000d8280000, 0x0000000100000000)
  eden space 23040K, 100% used [0x00000000d5580000,0x00000000d6c00000,0x00000000d6c00000)
  from space 1536K, 67% used [0x00000000d8100000,0x00000000d8201d30,0x00000000d8280000)
  to   space 1536K, 0% used [0x00000000d7f80000,0x00000000d7f80000,0x00000000d8100000)
 ParOldGen       total 68608K, used 15578K [0x0000000080000000, 0x0000000084300000, 0x00000000d5580000)
  object space 68608K, 22% used [0x0000000080000000,0x0000000080f36b80,0x0000000084300000)
 Metaspace       used 30794K, committed 31680K, reserved 1114112K
  class space    used 3130K, committed 3520K, reserved 1048576K
}
Event: 54.559 GC heap after
{Heap after GC invocations=12 (full 1):
 PSYoungGen      total 24064K, used 1476K [0x00000000d5580000, 0x00000000d8180000, 0x0000000100000000)
  eden space 22528K, 0% used [0x00000000d5580000,0x00000000d5580000,0x00000000d6b80000)
  from space 1536K, 96% used [0x00000000d7f80000,0x00000000d80f1260,0x00000000d8100000)
  to   space 512K, 0% used [0x00000000d8100000,0x00000000d8100000,0x00000000d8180000)
 ParOldGen       total 68608K, used 16213K [0x0000000080000000, 0x0000000084300000, 0x00000000d5580000)
  object space 68608K, 23% used [0x0000000080000000,0x0000000080fd5568,0x0000000084300000)
 Metaspace       used 30794K, committed 31680K, reserved 1114112K
  class space    used 3130K, committed 3520K, reserved 1048576K
}
Event: 55.058 GC heap before
{Heap before GC invocations=13 (full 1):
 PSYoungGen      total 24064K, used 24004K [0x00000000d5580000, 0x00000000d8180000, 0x0000000100000000)
  eden space 22528K, 100% used [0x00000000d5580000,0x00000000d6b80000,0x00000000d6b80000)
  from space 1536K, 96% used [0x00000000d7f80000,0x00000000d80f1260,0x00000000d8100000)
  to   space 512K, 0% used [0x00000000d8100000,0x00000000d8100000,0x00000000d8180000)
 ParOldGen       total 68608K, used 16213K [0x0000000080000000, 0x0000000084300000, 0x00000000d5580000)
  object space 68608K, 23% used [0x0000000080000000,0x0000000080fd5568,0x0000000084300000)
 Metaspace       used 32928K, committed 33856K, reserved 1114112K
  class space    used 3385K, committed 3776K, reserved 1048576K
}
Event: 55.061 GC heap after
{Heap after GC invocations=13 (full 1):
 PSYoungGen      total 22528K, used 496K [0x00000000d5580000, 0x00000000d8180000, 0x0000000100000000)
  eden space 22016K, 0% used [0x00000000d5580000,0x00000000d5580000,0x00000000d6b00000)
  from space 512K, 96% used [0x00000000d8100000,0x00000000d817c010,0x00000000d8180000)
  to   space 2048K, 0% used [0x00000000d7d80000,0x00000000d7d80000,0x00000000d7f80000)
 ParOldGen       total 68608K, used 17515K [0x0000000080000000, 0x0000000084300000, 0x00000000d5580000)
  object space 68608K, 25% used [0x0000000080000000,0x000000008111aec8,0x0000000084300000)
 Metaspace       used 32928K, committed 33856K, reserved 1114112K
  class space    used 3385K, committed 3776K, reserved 1048576K
}
Event: 55.780 GC heap before
{Heap before GC invocations=14 (full 1):
 PSYoungGen      total 22528K, used 17902K [0x00000000d5580000, 0x00000000d8180000, 0x0000000100000000)
  eden space 22016K, 79% used [0x00000000d5580000,0x00000000d667f868,0x00000000d6b00000)
  from space 512K, 96% used [0x00000000d8100000,0x00000000d817c010,0x00000000d8180000)
  to   space 2048K, 0% used [0x00000000d7d80000,0x00000000d7d80000,0x00000000d7f80000)
 ParOldGen       total 68608K, used 17515K [0x0000000080000000, 0x0000000084300000, 0x00000000d5580000)
  object space 68608K, 25% used [0x0000000080000000,0x000000008111aec8,0x0000000084300000)
 Metaspace       used 34891K, committed 35840K, reserved 1114112K
  class space    used 3613K, committed 4032K, reserved 1048576K
}
Event: 55.782 GC heap after
{Heap after GC invocations=14 (full 1):
 PSYoungGen      total 24064K, used 1194K [0x00000000d5580000, 0x00000000d8180000, 0x0000000100000000)
  eden space 22016K, 0% used [0x00000000d5580000,0x00000000d5580000,0x00000000d6b00000)
  from space 2048K, 58% used [0x00000000d7d80000,0x00000000d7eaa840,0x00000000d7f80000)
  to   space 1536K, 0% used [0x00000000d8000000,0x00000000d8000000,0x00000000d8180000)
 ParOldGen       total 68608K, used 17987K [0x0000000080000000, 0x0000000084300000, 0x00000000d5580000)
  object space 68608K, 26% used [0x0000000080000000,0x0000000081190ee8,0x0000000084300000)
 Metaspace       used 34891K, committed 35840K, reserved 1114112K
  class space    used 3613K, committed 4032K, reserved 1048576K
}
Event: 55.782 GC heap before
{Heap before GC invocations=15 (full 2):
 PSYoungGen      total 24064K, used 1194K [0x00000000d5580000, 0x00000000d8180000, 0x0000000100000000)
  eden space 22016K, 0% used [0x00000000d5580000,0x00000000d5580000,0x00000000d6b00000)
  from space 2048K, 58% used [0x00000000d7d80000,0x00000000d7eaa840,0x00000000d7f80000)
  to   space 1536K, 0% used [0x00000000d8000000,0x00000000d8000000,0x00000000d8180000)
 ParOldGen       total 68608K, used 17987K [0x0000000080000000, 0x0000000084300000, 0x00000000d5580000)
  object space 68608K, 26% used [0x0000000080000000,0x0000000081190ee8,0x0000000084300000)
 Metaspace       used 34891K, committed 35840K, reserved 1114112K
  class space    used 3613K, committed 4032K, reserved 1048576K
}
Event: 56.386 GC heap after
{Heap after GC invocations=15 (full 2):
 PSYoungGen      total 24064K, used 0K [0x00000000d5580000, 0x00000000d8180000, 0x0000000100000000)
  eden space 22016K, 0% used [0x00000000d5580000,0x00000000d5580000,0x00000000d6b00000)
  from space 2048K, 0% used [0x00000000d7d80000,0x00000000d7d80000,0x00000000d7f80000)
  to   space 1536K, 0% used [0x00000000d8000000,0x00000000d8000000,0x00000000d8180000)
 ParOldGen       total 68608K, used 18492K [0x0000000080000000, 0x0000000084300000, 0x00000000d5580000)
  object space 68608K, 26% used [0x0000000080000000,0x000000008120f0b0,0x0000000084300000)
 Metaspace       used 34891K, committed 35840K, reserved 1114112K
  class space    used 3613K, committed 4032K, reserved 1048576K
}
Event: 57.391 GC heap before
{Heap before GC invocations=16 (full 2):
 PSYoungGen      total 24064K, used 22015K [0x00000000d5580000, 0x00000000d8180000, 0x0000000100000000)
  eden space 22016K, 99% used [0x00000000d5580000,0x00000000d6afffd8,0x00000000d6b00000)
  from space 2048K, 0% used [0x00000000d7d80000,0x00000000d7d80000,0x00000000d7f80000)
  to   space 1536K, 0% used [0x00000000d8000000,0x00000000d8000000,0x00000000d8180000)
 ParOldGen       total 68608K, used 18492K [0x0000000080000000, 0x0000000084300000, 0x00000000d5580000)
  object space 68608K, 26% used [0x0000000080000000,0x000000008120f0b0,0x0000000084300000)
 Metaspace       used 37204K, committed 38272K, reserved 1114112K
  class space    used 3917K, committed 4352K, reserved 1048576K
}
Event: 57.393 GC heap after
{Heap after GC invocations=16 (full 2):
 PSYoungGen      total 23552K, used 1297K [0x00000000d5580000, 0x00000000d8180000, 0x0000000100000000)
  eden space 22016K, 0% used [0x00000000d5580000,0x00000000d5580000,0x00000000d6b00000)
  from space 1536K, 84% used [0x00000000d8000000,0x00000000d8144648,0x00000000d8180000)
  to   space 1536K, 0% used [0x00000000d7e80000,0x00000000d7e80000,0x00000000d8000000)
 ParOldGen       total 68608K, used 18500K [0x0000000080000000, 0x0000000084300000, 0x00000000d5580000)
  object space 68608K, 26% used [0x0000000080000000,0x00000000812110b0,0x0000000084300000)
 Metaspace       used 37204K, committed 38272K, reserved 1114112K
  class space    used 3917K, committed 4352K, reserved 1048576K
}
Event: 57.677 GC heap before
{Heap before GC invocations=17 (full 2):
 PSYoungGen      total 23552K, used 23313K [0x00000000d5580000, 0x00000000d8180000, 0x0000000100000000)
  eden space 22016K, 100% used [0x00000000d5580000,0x00000000d6b00000,0x00000000d6b00000)
  from space 1536K, 84% used [0x00000000d8000000,0x00000000d8144648,0x00000000d8180000)
  to   space 1536K, 0% used [0x00000000d7e80000,0x00000000d7e80000,0x00000000d8000000)
 ParOldGen       total 68608K, used 18500K [0x0000000080000000, 0x0000000084300000, 0x00000000d5580000)
  object space 68608K, 26% used [0x0000000080000000,0x00000000812110b0,0x0000000084300000)
 Metaspace       used 39801K, committed 40896K, reserved 1114112K
  class space    used 4287K, committed 4736K, reserved 1048576K
}
Event: 57.680 GC heap after
{Heap after GC invocations=17 (full 2):
 PSYoungGen      total 23552K, used 1485K [0x00000000d5580000, 0x00000000d8080000, 0x0000000100000000)
  eden space 22016K, 0% used [0x00000000d5580000,0x00000000d5580000,0x00000000d6b00000)
  from space 1536K, 96% used [0x00000000d7e80000,0x00000000d7ff3550,0x00000000d8000000)
  to   space 512K, 0% used [0x00000000d8000000,0x00000000d8000000,0x00000000d8080000)
 ParOldGen       total 68608K, used 19613K [0x0000000080000000, 0x0000000084300000, 0x00000000d5580000)
  object space 68608K, 28% used [0x0000000080000000,0x00000000813276f8,0x0000000084300000)
 Metaspace       used 39801K, committed 40896K, reserved 1114112K
  class space    used 4287K, committed 4736K, reserved 1048576K
}
Event: 58.660 GC heap before
{Heap before GC invocations=18 (full 2):
 PSYoungGen      total 23552K, used 23495K [0x00000000d5580000, 0x00000000d8080000, 0x0000000100000000)
  eden space 22016K, 99% used [0x00000000d5580000,0x00000000d6afea88,0x00000000d6b00000)
  from space 1536K, 96% used [0x00000000d7e80000,0x00000000d7ff3550,0x00000000d8000000)
  to   space 512K, 0% used [0x00000000d8000000,0x00000000d8000000,0x00000000d8080000)
 ParOldGen       total 68608K, used 19613K [0x0000000080000000, 0x0000000084300000, 0x00000000d5580000)
  object space 68608K, 28% used [0x0000000080000000,0x00000000813276f8,0x0000000084300000)
 Metaspace       used 42251K, committed 43392K, reserved 1114112K
  class space    used 4636K, committed 5120K, reserved 1048576K
}
Event: 58.666 GC heap after
{Heap after GC invocations=18 (full 2):
 PSYoungGen      total 22528K, used 512K [0x00000000d5580000, 0x00000000d8080000, 0x0000000100000000)
  eden space 22016K, 0% used [0x00000000d5580000,0x00000000d5580000,0x00000000d6b00000)
  from space 512K, 100% used [0x00000000d8000000,0x00000000d8080000,0x00000000d8080000)
  to   space 4096K, 0% used [0x00000000d7880000,0x00000000d7880000,0x00000000d7c80000)
 ParOldGen       total 68608K, used 22438K [0x0000000080000000, 0x0000000084300000, 0x00000000d5580000)
  object space 68608K, 32% used [0x0000000080000000,0x00000000815e9958,0x0000000084300000)
 Metaspace       used 42251K, committed 43392K, reserved 1114112K
  class space    used 4636K, committed 5120K, reserved 1048576K
}
Event: 59.404 GC heap before
{Heap before GC invocations=19 (full 2):
 PSYoungGen      total 22528K, used 22527K [0x00000000d5580000, 0x00000000d8080000, 0x0000000100000000)
  eden space 22016K, 99% used [0x00000000d5580000,0x00000000d6affd70,0x00000000d6b00000)
  from space 512K, 100% used [0x00000000d8000000,0x00000000d8080000,0x00000000d8080000)
  to   space 4096K, 0% used [0x00000000d7880000,0x00000000d7880000,0x00000000d7c80000)
 ParOldGen       total 68608K, used 22438K [0x0000000080000000, 0x0000000084300000, 0x00000000d5580000)
  object space 68608K, 32% used [0x0000000080000000,0x00000000815e9958,0x0000000084300000)
 Metaspace       used 44112K, committed 45376K, reserved 1114112K
  class space    used 4855K, committed 5440K, reserved 1048576K
}
Event: 59.408 GC heap after
{Heap after GC invocations=19 (full 2):
 PSYoungGen      total 26112K, used 1161K [0x00000000d5580000, 0x00000000d8080000, 0x0000000100000000)
  eden space 22016K, 0% used [0x00000000d5580000,0x00000000d5580000,0x00000000d6b00000)
  from space 4096K, 28% used [0x00000000d7880000,0x00000000d79a24a8,0x00000000d7c80000)
  to   space 2048K, 0% used [0x00000000d7e80000,0x00000000d7e80000,0x00000000d8080000)
 ParOldGen       total 68608K, used 22966K [0x0000000080000000, 0x0000000084300000, 0x00000000d5580000)
  object space 68608K, 33% used [0x0000000080000000,0x000000008166d958,0x0000000084300000)
 Metaspace       used 44112K, committed 45376K, reserved 1114112K
  class space    used 4855K, committed 5440K, reserved 1048576K
}

